# JRE version: Java(TM) SE Runtime Environment (8.0_181-b13) (build 1.8.0_181-b13)
# Java VM: Java HotSpot(TM) 64-Bit Server VM (25.181-b13 mixed mode windows-amd64 compressed oops)
Heap:
 PSYoungGen      total 294912K, used 270779K [0x000000076b400000, 0x0000000782380000, 0x00000007c0000000)
  eden space 274944K, 91% used [0x000000076b400000,0x000000077a904fa0,0x000000077c080000)
  from space 19968K, 99% used [0x000000077c080000,0x000000077d3e9df0,0x000000077d400000)
  to   space 22016K, 0% used [0x0000000780e00000,0x0000000780e00000,0x0000000782380000)
 ParOldGen       total 244736K, used 38045K [0x00000006c1c00000, 0x00000006d0b00000, 0x000000076b400000)
  object space 244736K, 15% used [0x00000006c1c00000,0x00000006c4127780,0x00000006d0b00000)
 Metaspace       used 80733K, capacity 85440K, committed 85656K, reserved 1122304K
  class space    used 11052K, capacity 12131K, committed 12200K, reserved 1048576K
GC Heap History (10 events):
Event: 9.908 GC heap before
{Heap before GC invocations=10 (full 2):
 PSYoungGen      total 161792K, used 151040K [0x000000076b400000, 0x000000077ab00000, 0x00000007c0000000)
  eden space 151040K, 100% used [0x000000076b400000,0x0000000774780000,0x0000000774780000)
  from space 10752K, 0% used [0x0000000774780000,0x0000000774780000,0x0000000775200000)
  to   space 10240K, 0% used [0x000000077a100000,0x000000077a100000,0x000000077ab00000)
 ParOldGen       total 160256K, used 13060K [0x00000006c1c00000, 0x00000006cb880000, 0x000000076b400000)
  object space 160256K, 8% used [0x00000006c1c00000,0x00000006c28c1378,0x00000006cb880000)
 Metaspace       used 40155K, capacity 41976K, committed 42280K, reserved 1085440K
  class space    used 5283K, capacity 5609K, committed 5672K, reserved 1048576K
Event: 9.921 GC heap after
Heap after GC invocations=10 (full 2):
 PSYoungGen      total 229888K, used 8521K [0x000000076b400000, 0x000000077a980000, 0x00000007c0000000)
  eden space 221184K, 0% used [0x000000076b400000,0x000000076b400000,0x0000000778c00000)
  from space 8704K, 97% used [0x000000077a100000,0x000000077a9525a8,0x000000077a980000)
  to   space 10240K, 0% used [0x0000000779580000,0x0000000779580000,0x0000000779f80000)
 ParOldGen       total 160256K, used 13068K [0x00000006c1c00000, 0x00000006cb880000, 0x000000076b400000)
  object space 160256K, 8% used [0x00000006c1c00000,0x00000006c28c3378,0x00000006cb880000)
 Metaspace       used 40155K, capacity 41976K, committed 42280K, reserved 1085440K
  class space    used 5283K, capacity 5609K, committed 5672K, reserved 1048576K
}
Event: 16.030 GC heap before
{Heap before GC invocations=11 (full 2):
 PSYoungGen      total 229888K, used 199477K [0x000000076b400000, 0x000000077a980000, 0x00000007c0000000)
  eden space 221184K, 86% used [0x000000076b400000,0x0000000776e7b1f8,0x0000000778c00000)
  from space 8704K, 97% used [0x000000077a100000,0x000000077a9525a8,0x000000077a980000)
  to   space 10240K, 0% used [0x0000000779580000,0x0000000779580000,0x0000000779f80000)
 ParOldGen       total 160256K, used 13068K [0x00000006c1c00000, 0x00000006cb880000, 0x000000076b400000)
  object space 160256K, 8% used [0x00000006c1c00000,0x00000006c28c3378,0x00000006cb880000)
 Metaspace       used 56337K, capacity 59092K, committed 59160K, reserved 1099776K
  class space    used 7514K, capacity 8203K, committed 8232K, reserved 1048576K
Event: 16.063 GC heap after
Heap after GC invocations=11 (full 2):
 PSYoungGen      total 241152K, used 10234K [0x000000076b400000, 0x000000077e480000, 0x00000007c0000000)
  eden space 230912K, 0% used [0x000000076b400000,0x000000076b400000,0x0000000779580000)
  from space 10240K, 99% used [0x0000000779580000,0x0000000779f7eb20,0x0000000779f80000)
  to   space 16896K, 0% used [0x000000077d400000,0x000000077d400000,0x000000077e480000)
 ParOldGen       total 160256K, used 27287K [0x00000006c1c00000, 0x00000006cb880000, 0x000000076b400000)
  object space 160256K, 17% used [0x00000006c1c00000,0x00000006c36a5d68,0x00000006cb880000)
 Metaspace       used 56337K, capacity 59092K, committed 59160K, reserved 1099776K
  class space    used 7514K, capacity 8203K, committed 8232K, reserved 1048576K
}
Event: 16.063 GC heap before
{Heap before GC invocations=12 (full 3):
 PSYoungGen      total 241152K, used 10234K [0x000000076b400000, 0x000000077e480000, 0x00000007c0000000)
  eden space 230912K, 0% used [0x000000076b400000,0x000000076b400000,0x0000000779580000)
  from space 10240K, 99% used [0x0000000779580000,0x0000000779f7eb20,0x0000000779f80000)
  to   space 16896K, 0% used [0x000000077d400000,0x000000077d400000,0x000000077e480000)
 ParOldGen       total 160256K, used 27287K [0x00000006c1c00000, 0x00000006cb880000, 0x000000076b400000)
  object space 160256K, 17% used [0x00000006c1c00000,0x00000006c36a5d68,0x00000006cb880000)
 Metaspace       used 56337K, capacity 59092K, committed 59160K, reserved 1099776K
  class space    used 7514K, capacity 8203K, committed 8232K, reserved 1048576K
Event: 16.338 GC heap after
Heap after GC invocations=12 (full 3):
 PSYoungGen      total 241152K, used 0K [0x000000076b400000, 0x000000077e480000, 0x00000007c0000000)
  eden space 230912K, 0% used [0x000000076b400000,0x000000076b400000,0x0000000779580000)
  from space 10240K, 0% used [0x0000000779580000,0x0000000779580000,0x0000000779f80000)
  to   space 16896K, 0% used [0x000000077d400000,0x000000077d400000,0x000000077e480000)
 ParOldGen       total 244736K, used 35147K [0x00000006c1c00000, 0x00000006d0b00000, 0x000000076b400000)
  object space 244736K, 14% used [0x00000006c1c00000,0x00000006c3e52c48,0x00000006d0b00000)
 Metaspace       used 56337K, capacity 59092K, committed 59160K, reserved 1099776K
  class space    used 7514K, capacity 8203K, committed 8232K, reserved 1048576K
}
Event: 21.450 GC heap before
{Heap before GC invocations=13 (full 3):
 PSYoungGen      total 241152K, used 230912K [0x000000076b400000, 0x000000077e480000, 0x00000007c0000000)
  eden space 230912K, 100% used [0x000000076b400000,0x0000000779580000,0x0000000779580000)
  from space 10240K, 0% used [0x0000000779580000,0x0000000779580000,0x0000000779f80000)
  to   space 16896K, 0% used [0x000000077d400000,0x000000077d400000,0x000000077e480000)
 ParOldGen       total 244736K, used 35147K [0x00000006c1c00000, 0x00000006d0b00000, 0x000000076b400000)
  object space 244736K, 14% used [0x00000006c1c00000,0x00000006c3e52c48,0x00000006d0b00000)
 Metaspace       used 68562K, capacity 72490K, committed 72600K, reserved 1112064K
  class space    used 9393K, capacity 10298K, committed 10408K, reserved 1048576K
Event: 21.485 GC heap after
Heap after GC invocations=13 (full 3):
 PSYoungGen      total 291840K, used 16876K [0x000000076b400000, 0x000000077e980000, 0x00000007c0000000)
  eden space 274944K, 0% used [0x000000076b400000,0x000000076b400000,0x000000077c080000)
  from space 16896K, 99% used [0x000000077d400000,0x000000077e47b028,0x000000077e480000)
  to   space 19968K, 0% used [0x000000077c080000,0x000000077c080000,0x000000077d400000)
 ParOldGen       total 244736K, used 38037K [0x00000006c1c00000, 0x00000006d0b00000, 0x000000076b400000)
  object space 244736K, 15% used [0x00000006c1c00000,0x00000006c4125780,0x00000006d0b00000)
 Metaspace       used 68562K, capacity 72490K, committed 72600K, reserved 1112064K
  class space    used 9393K, capacity 10298K, committed 10408K, reserved 1048576K
}
Event: 24.426 GC heap before
{Heap before GC invocations=14 (full 3):
 PSYoungGen      total 291840K, used 291820K [0x000000076b400000, 0x000000077e980000, 0x00000007c0000000)
  eden space 274944K, 100% used [0x000000076b400000,0x000000077c080000,0x000000077c080000)
  from space 16896K, 99% used [0x000000077d400000,0x000000077e47b028,0x000000077e480000)
  to   space 19968K, 0% used [0x000000077c080000,0x000000077c080000,0x000000077d400000)
 ParOldGen       total 244736K, used 38037K [0x00000006c1c00000, 0x00000006d0b00000, 0x000000076b400000)
  object space 244736K, 15% used [0x00000006c1c00000,0x00000006c4125780,0x00000006d0b00000)
 Metaspace       used 73871K, capacity 78190K, committed 78232K, reserved 1116160K
  class space    used 10162K, capacity 11162K, committed 11176K, reserved 1048576K
Event: 24.464 GC heap after
Heap after GC invocations=14 (full 3):
 PSYoungGen      total 294912K, used 19879K [0x000000076b400000, 0x0000000782380000, 0x00000007c0000000)
  eden space 274944K, 0% used [0x000000076b400000,0x000000076b400000,0x000000077c080000)
  from space 19968K, 99% used [0x000000077c080000,0x000000077d3e9df0,0x000000077d400000)
  to   space 22016K, 0% used [0x0000000780e00000,0x0000000780e00000,0x0000000782380000)
 ParOldGen       total 244736K, used 38045K [0x00000006c1c00000, 0x00000006d0b00000, 0x000000076b400000)
  object space 244736K, 15% used [0x00000006c1c00000,0x00000006c4127780,0x00000006d0b00000)
 Metaspace       used 73871K, capacity 78190K, committed 78232K, reserved 1116160K
  class space    used 10162K, capacity 11162K, committed 11176K, reserved 1048576K
}

