# JRE version: Java(TM) SE Runtime Environment (8.0_181-b13) (build 1.8.0_181-b13)
# Java VM: Java HotSpot(TM) 64-Bit Server VM (25.181-b13 mixed mode windows-amd64 compressed oops)
Heap:
 PSYoungGen      total 390656K, used 81031K [0x000000076b400000, 0x0000000785880000, 0x00000007c0000000)
  eden space 371200K, 16% used [0x000000076b400000,0x000000076f028250,0x0000000781e80000)
  from space 19456K, 99% used [0x0000000783580000,0x0000000784879a68,0x0000000784880000)
  to   space 23552K, 0% used [0x0000000781e80000,0x0000000781e80000,0x0000000783580000)
 ParOldGen       total 222208K, used 52191K [0x00000006c1c00000, 0x00000006cf500000, 0x000000076b400000)
  object space 222208K, 23% used [0x00000006c1c00000,0x00000006c4ef7fc0,0x00000006cf500000)
 Metaspace       used 86718K, capacity 91674K, committed 91800K, reserved 1128448K
  class space    used 12076K, capacity 13204K, committed 13224K, reserved 1048576K
GC Heap History (10 events):
Event: 16.687 GC heap before
{Heap before GC invocations=11 (full 2):
 PSYoungGen      total 245760K, used 196495K [0x000000076b400000, 0x000000077b880000, 0x00000007c0000000)
  eden space 237056K, 79% used [0x000000076b400000,0x0000000776b78940,0x0000000779b80000)
  from space 8704K, 99% used [0x000000077b000000,0x000000077b86b338,0x000000077b880000)
  to   space 10240K, 0% used [0x000000077a480000,0x000000077a480000,0x000000077ae80000)
 ParOldGen       total 148480K, used 13122K [0x00000006c1c00000, 0x00000006cad00000, 0x000000076b400000)
  object space 148480K, 8% used [0x00000006c1c00000,0x00000006c28d0a80,0x00000006cad00000)
 Metaspace       used 56335K, capacity 59064K, committed 59160K, reserved 1099776K
  class space    used 7510K, capacity 8171K, committed 8232K, reserved 1048576K
Event: 16.710 GC heap after
Heap after GC invocations=11 (full 2):
 PSYoungGen      total 256512K, used 10234K [0x000000076b400000, 0x0000000780000000, 0x00000007c0000000)
  eden space 246272K, 0% used [0x000000076b400000,0x000000076b400000,0x000000077a480000)
  from space 10240K, 99% used [0x000000077a480000,0x000000077ae7eb20,0x000000077ae80000)
  to   space 16896K, 0% used [0x000000077ef80000,0x000000077ef80000,0x0000000780000000)
 ParOldGen       total 148480K, used 27293K [0x00000006c1c00000, 0x00000006cad00000, 0x000000076b400000)
  object space 148480K, 18% used [0x00000006c1c00000,0x00000006c36a76b8,0x00000006cad00000)
 Metaspace       used 56335K, capacity 59064K, committed 59160K, reserved 1099776K
  class space    used 7510K, capacity 8171K, committed 8232K, reserved 1048576K
}
Event: 16.710 GC heap before
{Heap before GC invocations=12 (full 3):
 PSYoungGen      total 256512K, used 10234K [0x000000076b400000, 0x0000000780000000, 0x00000007c0000000)
  eden space 246272K, 0% used [0x000000076b400000,0x000000076b400000,0x000000077a480000)
  from space 10240K, 99% used [0x000000077a480000,0x000000077ae7eb20,0x000000077ae80000)
  to   space 16896K, 0% used [0x000000077ef80000,0x000000077ef80000,0x0000000780000000)
 ParOldGen       total 148480K, used 27293K [0x00000006c1c00000, 0x00000006cad00000, 0x000000076b400000)
  object space 148480K, 18% used [0x00000006c1c00000,0x00000006c36a76b8,0x00000006cad00000)
 Metaspace       used 56335K, capacity 59064K, committed 59160K, reserved 1099776K
  class space    used 7510K, capacity 8171K, committed 8232K, reserved 1048576K
Event: 16.945 GC heap after
Heap after GC invocations=12 (full 3):
 PSYoungGen      total 256512K, used 0K [0x000000076b400000, 0x0000000780000000, 0x00000007c0000000)
  eden space 246272K, 0% used [0x000000076b400000,0x000000076b400000,0x000000077a480000)
  from space 10240K, 0% used [0x000000077a480000,0x000000077a480000,0x000000077ae80000)
  to   space 16896K, 0% used [0x000000077ef80000,0x000000077ef80000,0x0000000780000000)
 ParOldGen       total 222208K, used 35103K [0x00000006c1c00000, 0x00000006cf500000, 0x000000076b400000)
  object space 222208K, 15% used [0x00000006c1c00000,0x00000006c3e47dc8,0x00000006cf500000)
 Metaspace       used 56335K, capacity 59064K, committed 59160K, reserved 1099776K
  class space    used 7510K, capacity 8171K, committed 8232K, reserved 1048576K
}
Event: 21.664 GC heap before
{Heap before GC invocations=13 (full 3):
 PSYoungGen      total 256512K, used 246272K [0x000000076b400000, 0x0000000780000000, 0x00000007c0000000)
  eden space 246272K, 100% used [0x000000076b400000,0x000000077a480000,0x000000077a480000)
  from space 10240K, 0% used [0x000000077a480000,0x000000077a480000,0x000000077ae80000)
  to   space 16896K, 0% used [0x000000077ef80000,0x000000077ef80000,0x0000000780000000)
 ParOldGen       total 222208K, used 35103K [0x00000006c1c00000, 0x00000006cf500000, 0x000000076b400000)
  object space 222208K, 15% used [0x00000006c1c00000,0x00000006c3e47dc8,0x00000006cf500000)
 Metaspace       used 68779K, capacity 72716K, committed 72856K, reserved 1112064K
  class space    used 9425K, capacity 10331K, committed 10408K, reserved 1048576K
Event: 21.693 GC heap after
Heap after GC invocations=13 (full 3):
 PSYoungGen      total 320000K, used 16892K [0x000000076b400000, 0x0000000780380000, 0x00000007c0000000)
  eden space 303104K, 0% used [0x000000076b400000,0x000000076b400000,0x000000077dc00000)
  from space 16896K, 99% used [0x000000077ef80000,0x000000077ffff3f8,0x0000000780000000)
  to   space 19968K, 0% used [0x000000077dc00000,0x000000077dc00000,0x000000077ef80000)
 ParOldGen       total 222208K, used 38382K [0x00000006c1c00000, 0x00000006cf500000, 0x000000076b400000)
  object space 222208K, 17% used [0x00000006c1c00000,0x00000006c417b9f8,0x00000006cf500000)
 Metaspace       used 68779K, capacity 72716K, committed 72856K, reserved 1112064K
  class space    used 9425K, capacity 10331K, committed 10408K, reserved 1048576K
}
Event: 24.936 GC heap before
{Heap before GC invocations=14 (full 3):
 PSYoungGen      total 320000K, used 319996K [0x000000076b400000, 0x0000000780380000, 0x00000007c0000000)
  eden space 303104K, 100% used [0x000000076b400000,0x000000077dc00000,0x000000077dc00000)
  from space 16896K, 99% used [0x000000077ef80000,0x000000077ffff3f8,0x0000000780000000)
  to   space 19968K, 0% used [0x000000077dc00000,0x000000077dc00000,0x000000077ef80000)
 ParOldGen       total 222208K, used 38382K [0x00000006c1c00000, 0x00000006cf500000, 0x000000076b400000)
  object space 222208K, 17% used [0x00000006c1c00000,0x00000006c417b9f8,0x00000006cf500000)
 Metaspace       used 73974K, capacity 78244K, committed 78488K, reserved 1116160K
  class space    used 10174K, capacity 11161K, committed 11176K, reserved 1048576K
Event: 24.976 GC heap after
Heap after GC invocations=14 (full 3):
 PSYoungGen      total 323072K, used 12277K [0x000000076b400000, 0x0000000784880000, 0x00000007c0000000)
  eden space 303104K, 0% used [0x000000076b400000,0x000000076b400000,0x000000077dc00000)
  from space 19968K, 61% used [0x000000077dc00000,0x000000077e7fd790,0x000000077ef80000)
  to   space 19456K, 0% used [0x0000000783580000,0x0000000783580000,0x0000000784880000)
 ParOldGen       total 222208K, used 46776K [0x00000006c1c00000, 0x00000006cf500000, 0x000000076b400000)
  object space 222208K, 21% used [0x00000006c1c00000,0x00000006c49ae168,0x00000006cf500000)
 Metaspace       used 73974K, capacity 78244K, committed 78488K, reserved 1116160K
  class space    used 10174K, capacity 11161K, committed 11176K, reserved 1048576K
}
Event: 29.468 GC heap before
{Heap before GC invocations=15 (full 3):
 PSYoungGen      total 323072K, used 315381K [0x000000076b400000, 0x0000000784880000, 0x00000007c0000000)
  eden space 303104K, 100% used [0x000000076b400000,0x000000077dc00000,0x000000077dc00000)
  from space 19968K, 61% used [0x000000077dc00000,0x000000077e7fd790,0x000000077ef80000)
  to   space 19456K, 0% used [0x0000000783580000,0x0000000783580000,0x0000000784880000)
 ParOldGen       total 222208K, used 46776K [0x00000006c1c00000, 0x00000006cf500000, 0x000000076b400000)
  object space 222208K, 21% used [0x00000006c1c00000,0x00000006c49ae168,0x00000006cf500000)
 Metaspace       used 84868K, capacity 89670K, committed 89880K, reserved 1126400K
  class space    used 11731K, capacity 12824K, committed 12840K, reserved 1048576K
Event: 29.561 GC heap after
Heap after GC invocations=15 (full 3):
 PSYoungGen      total 390656K, used 19430K [0x000000076b400000, 0x0000000785880000, 0x00000007c0000000)
  eden space 371200K, 0% used [0x000000076b400000,0x000000076b400000,0x0000000781e80000)
  from space 19456K, 99% used [0x0000000783580000,0x0000000784879a68,0x0000000784880000)
  to   space 23552K, 0% used [0x0000000781e80000,0x0000000781e80000,0x0000000783580000)
 ParOldGen       total 222208K, used 52191K [0x00000006c1c00000, 0x00000006cf500000, 0x000000076b400000)
  object space 222208K, 23% used [0x00000006c1c00000,0x00000006c4ef7fc0,0x00000006cf500000)
 Metaspace       used 84868K, capacity 89670K, committed 89880K, reserved 1126400K
  class space    used 11731K, capacity 12824K, committed 12840K, reserved 1048576K
}

