# JRE version: Java(TM) SE Runtime Environment (8.0_181-b13) (build 1.8.0_181-b13)
# Java VM: Java HotSpot(TM) 64-Bit Server VM (25.181-b13 mixed mode windows-amd64 compressed oops)
Heap:
 PSYoungGen      total 374272K, used 35884K [0x000000076b400000, 0x0000000784600000, 0x00000007c0000000)
  eden space 352256K, 3% used [0x000000076b400000,0x000000076c18f358,0x0000000780c00000)
  from space 22016K, 99% used [0x0000000782700000,0x0000000783c7c090,0x0000000783c80000)
  to   space 27648K, 0% used [0x0000000780c00000,0x0000000780c00000,0x0000000782700000)
 ParOldGen       total 240640K, used 45222K [0x00000006c1c00000, 0x00000006d0700000, 0x000000076b400000)
  object space 240640K, 18% used [0x00000006c1c00000,0x00000006c4829b90,0x00000006d0700000)
 Metaspace       used 82629K, capacity 87486K, committed 87576K, reserved 1124352K
  class space    used 11465K, capacity 12574K, committed 12584K, reserved 1048576K
GC Heap History (10 events):
Event: 16.045 GC heap before
{Heap before GC invocations=11 (full 2):
 PSYoungGen      total 229888K, used 199837K [0x000000076b400000, 0x000000077a700000, 0x00000007c0000000)
  eden space 221184K, 86% used [0x000000076b400000,0x0000000776ed7b88,0x0000000778c00000)
  from space 8704K, 97% used [0x0000000779e80000,0x000000077a6cf928,0x000000077a700000)
  to   space 10240K, 0% used [0x0000000779300000,0x0000000779300000,0x0000000779d00000)
 ParOldGen       total 158208K, used 13100K [0x00000006c1c00000, 0x00000006cb680000, 0x000000076b400000)
  object space 158208K, 8% used [0x00000006c1c00000,0x00000006c28cb218,0x00000006cb680000)
 Metaspace       used 56333K, capacity 59096K, committed 59160K, reserved 1099776K
  class space    used 7514K, capacity 8205K, committed 8232K, reserved 1048576K
Event: 16.077 GC heap after
Heap after GC invocations=11 (full 2):
 PSYoungGen      total 238592K, used 10218K [0x000000076b400000, 0x000000077e480000, 0x00000007c0000000)
  eden space 228352K, 0% used [0x000000076b400000,0x000000076b400000,0x0000000779300000)
  from space 10240K, 99% used [0x0000000779300000,0x0000000779cfab30,0x0000000779d00000)
  to   space 16896K, 0% used [0x000000077d400000,0x000000077d400000,0x000000077e480000)
 ParOldGen       total 158208K, used 27336K [0x00000006c1c00000, 0x00000006cb680000, 0x000000076b400000)
  object space 158208K, 17% used [0x00000006c1c00000,0x00000006c36b2140,0x00000006cb680000)
 Metaspace       used 56333K, capacity 59096K, committed 59160K, reserved 1099776K
  class space    used 7514K, capacity 8205K, committed 8232K, reserved 1048576K
}
Event: 16.077 GC heap before
{Heap before GC invocations=12 (full 3):
 PSYoungGen      total 238592K, used 10218K [0x000000076b400000, 0x000000077e480000, 0x00000007c0000000)
  eden space 228352K, 0% used [0x000000076b400000,0x000000076b400000,0x0000000779300000)
  from space 10240K, 99% used [0x0000000779300000,0x0000000779cfab30,0x0000000779d00000)
  to   space 16896K, 0% used [0x000000077d400000,0x000000077d400000,0x000000077e480000)
 ParOldGen       total 158208K, used 27336K [0x00000006c1c00000, 0x00000006cb680000, 0x000000076b400000)
  object space 158208K, 17% used [0x00000006c1c00000,0x00000006c36b2140,0x00000006cb680000)
 Metaspace       used 56333K, capacity 59096K, committed 59160K, reserved 1099776K
  class space    used 7514K, capacity 8205K, committed 8232K, reserved 1048576K
Event: 16.322 GC heap after
Heap after GC invocations=12 (full 3):
 PSYoungGen      total 238592K, used 0K [0x000000076b400000, 0x000000077e480000, 0x00000007c0000000)
  eden space 228352K, 0% used [0x000000076b400000,0x000000076b400000,0x0000000779300000)
  from space 10240K, 0% used [0x0000000779300000,0x0000000779300000,0x0000000779d00000)
  to   space 16896K, 0% used [0x000000077d400000,0x000000077d400000,0x000000077e480000)
 ParOldGen       total 240640K, used 35172K [0x00000006c1c00000, 0x00000006d0700000, 0x000000076b400000)
  object space 240640K, 14% used [0x00000006c1c00000,0x00000006c3e59268,0x00000006d0700000)
 Metaspace       used 56333K, capacity 59096K, committed 59160K, reserved 1099776K
  class space    used 7514K, capacity 8205K, committed 8232K, reserved 1048576K
}
Event: 21.854 GC heap before
{Heap before GC invocations=13 (full 3):
 PSYoungGen      total 238592K, used 228352K [0x000000076b400000, 0x000000077e480000, 0x00000007c0000000)
  eden space 228352K, 100% used [0x000000076b400000,0x0000000779300000,0x0000000779300000)
  from space 10240K, 0% used [0x0000000779300000,0x0000000779300000,0x0000000779d00000)
  to   space 16896K, 0% used [0x000000077d400000,0x000000077d400000,0x000000077e480000)
 ParOldGen       total 240640K, used 35172K [0x00000006c1c00000, 0x00000006d0700000, 0x000000076b400000)
  object space 240640K, 14% used [0x00000006c1c00000,0x00000006c3e59268,0x00000006d0700000)
 Metaspace       used 68549K, capacity 72458K, committed 72600K, reserved 1112064K
  class space    used 9405K, capacity 10330K, committed 10408K, reserved 1048576K
Event: 22.047 GC heap after
Heap after GC invocations=13 (full 3):
 PSYoungGen      total 292352K, used 16885K [0x000000076b400000, 0x000000077f800000, 0x00000007c0000000)
  eden space 275456K, 0% used [0x000000076b400000,0x000000076b400000,0x000000077c100000)
  from space 16896K, 99% used [0x000000077d400000,0x000000077e47d5a8,0x000000077e480000)
  to   space 19456K, 0% used [0x000000077c100000,0x000000077c100000,0x000000077d400000)
 ParOldGen       total 240640K, used 37825K [0x00000006c1c00000, 0x00000006d0700000, 0x000000076b400000)
  object space 240640K, 15% used [0x00000006c1c00000,0x00000006c40f04a0,0x00000006d0700000)
 Metaspace       used 68549K, capacity 72458K, committed 72600K, reserved 1112064K
  class space    used 9405K, capacity 10330K, committed 10408K, reserved 1048576K
}
Event: 26.857 GC heap before
{Heap before GC invocations=14 (full 3):
 PSYoungGen      total 292352K, used 292341K [0x000000076b400000, 0x000000077f800000, 0x00000007c0000000)
  eden space 275456K, 100% used [0x000000076b400000,0x000000077c100000,0x000000077c100000)
  from space 16896K, 99% used [0x000000077d400000,0x000000077e47d5a8,0x000000077e480000)
  to   space 19456K, 0% used [0x000000077c100000,0x000000077c100000,0x000000077d400000)
 ParOldGen       total 240640K, used 37825K [0x00000006c1c00000, 0x00000006d0700000, 0x000000076b400000)
  object space 240640K, 15% used [0x00000006c1c00000,0x00000006c40f04a0,0x00000006d0700000)
 Metaspace       used 73891K, capacity 78184K, committed 78232K, reserved 1116160K
  class space    used 10164K, capacity 11161K, committed 11176K, reserved 1048576K
Event: 26.978 GC heap after
Heap after GC invocations=14 (full 3):
 PSYoungGen      total 294912K, used 19444K [0x000000076b400000, 0x0000000783c80000, 0x00000007c0000000)
  eden space 275456K, 0% used [0x000000076b400000,0x000000076b400000,0x000000077c100000)
  from space 19456K, 99% used [0x000000077c100000,0x000000077d3fd0d0,0x000000077d400000)
  to   space 22016K, 0% used [0x0000000782700000,0x0000000782700000,0x0000000783c80000)
 ParOldGen       total 240640K, used 38286K [0x00000006c1c00000, 0x00000006d0700000, 0x000000076b400000)
  object space 240640K, 15% used [0x00000006c1c00000,0x00000006c4163ae0,0x00000006d0700000)
 Metaspace       used 73891K, capacity 78184K, committed 78232K, reserved 1116160K
  class space    used 10164K, capacity 11161K, committed 11176K, reserved 1048576K
}
Event: 31.532 GC heap before
{Heap before GC invocations=15 (full 3):
 PSYoungGen      total 294912K, used 294900K [0x000000076b400000, 0x0000000783c80000, 0x00000007c0000000)
  eden space 275456K, 100% used [0x000000076b400000,0x000000077c100000,0x000000077c100000)
  from space 19456K, 99% used [0x000000077c100000,0x000000077d3fd0d0,0x000000077d400000)
  to   space 22016K, 0% used [0x0000000782700000,0x0000000782700000,0x0000000783c80000)
 ParOldGen       total 240640K, used 38286K [0x00000006c1c00000, 0x00000006d0700000, 0x000000076b400000)
  object space 240640K, 15% used [0x00000006c1c00000,0x00000006c4163ae0,0x00000006d0700000)
 Metaspace       used 82174K, capacity 86982K, committed 87320K, reserved 1124352K
  class space    used 11383K, capacity 12498K, committed 12584K, reserved 1048576K
Event: 31.602 GC heap after
Heap after GC invocations=15 (full 3):
 PSYoungGen      total 374272K, used 22000K [0x000000076b400000, 0x0000000784600000, 0x00000007c0000000)
  eden space 352256K, 0% used [0x000000076b400000,0x000000076b400000,0x0000000780c00000)
  from space 22016K, 99% used [0x0000000782700000,0x0000000783c7c090,0x0000000783c80000)
  to   space 27648K, 0% used [0x0000000780c00000,0x0000000780c00000,0x0000000782700000)
 ParOldGen       total 240640K, used 45222K [0x00000006c1c00000, 0x00000006d0700000, 0x000000076b400000)
  object space 240640K, 18% used [0x00000006c1c00000,0x00000006c4829b90,0x00000006d0700000)
 Metaspace       used 82174K, capacity 86982K, committed 87320K, reserved 1124352K
  class space    used 11383K, capacity 12498K, committed 12584K, reserved 1048576K
}

