# JRE version: Java(TM) SE Runtime Environment (8.0_181-b13) (build 1.8.0_181-b13)
# Java VM: Java HotSpot(TM) 64-Bit Server VM (25.181-b13 mixed mode windows-amd64 compressed oops)
Heap:
 PSYoungGen      total 312832K, used 267867K [0x000000076b400000, 0x000000077f900000, 0x00000007c0000000)
  eden space 292864K, 84% used [0x000000076b400000,0x000000077a618268,0x000000077d200000)
  from space 19968K, 99% used [0x000000077d200000,0x000000077e57ed68,0x000000077e580000)
  to   space 16896K, 0% used [0x000000077e800000,0x000000077e800000,0x000000077f880000)
 ParOldGen       total 229888K, used 38712K [0x00000006c1c00000, 0x00000006cfc80000, 0x000000076b400000)
  object space 229888K, 16% used [0x00000006c1c00000,0x00000006c41ce1f8,0x00000006cfc80000)
 Metaspace       used 82414K, capacity 87172K, committed 87320K, reserved 1124352K
  class space    used 11426K, capacity 12505K, committed 12584K, reserved 1048576K
GC Heap History (10 events):
Event: 9.737 GC heap before
{Heap before GC invocations=10 (full 2):
 PSYoungGen      total 167936K, used 157184K [0x000000076b400000, 0x000000077b580000, 0x00000007c0000000)
  eden space 157184K, 100% used [0x000000076b400000,0x0000000774d80000,0x0000000774d80000)
  from space 10752K, 0% used [0x0000000774d80000,0x0000000774d80000,0x0000000775800000)
  to   space 10240K, 0% used [0x000000077ab80000,0x000000077ab80000,0x000000077b580000)
 ParOldGen       total 152064K, used 13073K [0x00000006c1c00000, 0x00000006cb080000, 0x000000076b400000)
  object space 152064K, 8% used [0x00000006c1c00000,0x00000006c28c44d8,0x00000006cb080000)
 Metaspace       used 40197K, capacity 42040K, committed 42280K, reserved 1085440K
  class space    used 5281K, capacity 5609K, committed 5672K, reserved 1048576K
Event: 9.756 GC heap after
Heap after GC invocations=10 (full 2):
 PSYoungGen      total 243712K, used 8693K [0x000000076b400000, 0x000000077b400000, 0x00000007c0000000)
  eden space 235008K, 0% used [0x000000076b400000,0x000000076b400000,0x0000000779980000)
  from space 8704K, 99% used [0x000000077ab80000,0x000000077b3fd7d8,0x000000077b400000)
  to   space 10240K, 0% used [0x000000077a000000,0x000000077a000000,0x000000077aa00000)
 ParOldGen       total 152064K, used 13081K [0x00000006c1c00000, 0x00000006cb080000, 0x000000076b400000)
  object space 152064K, 8% used [0x00000006c1c00000,0x00000006c28c64d8,0x00000006cb080000)
 Metaspace       used 40197K, capacity 42040K, committed 42280K, reserved 1085440K
  class space    used 5281K, capacity 5609K, committed 5672K, reserved 1048576K
}
Event: 15.876 GC heap before
{Heap before GC invocations=11 (full 2):
 PSYoungGen      total 243712K, used 188724K [0x000000076b400000, 0x000000077b400000, 0x00000007c0000000)
  eden space 235008K, 76% used [0x000000076b400000,0x00000007763cf968,0x0000000779980000)
  from space 8704K, 99% used [0x000000077ab80000,0x000000077b3fd7d8,0x000000077b400000)
  to   space 10240K, 0% used [0x000000077a000000,0x000000077a000000,0x000000077aa00000)
 ParOldGen       total 152064K, used 13081K [0x00000006c1c00000, 0x00000006cb080000, 0x000000076b400000)
  object space 152064K, 8% used [0x00000006c1c00000,0x00000006c28c64d8,0x00000006cb080000)
 Metaspace       used 56323K, capacity 59064K, committed 59160K, reserved 1099776K
  class space    used 7508K, capacity 8171K, committed 8232K, reserved 1048576K
Event: 15.902 GC heap after
Heap after GC invocations=11 (full 2):
 PSYoungGen      total 251904K, used 10218K [0x000000076b400000, 0x000000077f880000, 0x00000007c0000000)
  eden space 241664K, 0% used [0x000000076b400000,0x000000076b400000,0x000000077a000000)
  from space 10240K, 99% used [0x000000077a000000,0x000000077a9fab30,0x000000077aa00000)
  to   space 16896K, 0% used [0x000000077e800000,0x000000077e800000,0x000000077f880000)
 ParOldGen       total 152064K, used 27288K [0x00000006c1c00000, 0x00000006cb080000, 0x000000076b400000)
  object space 152064K, 17% used [0x00000006c1c00000,0x00000006c36a6040,0x00000006cb080000)
 Metaspace       used 56323K, capacity 59064K, committed 59160K, reserved 1099776K
  class space    used 7508K, capacity 8171K, committed 8232K, reserved 1048576K
}
Event: 15.902 GC heap before
{Heap before GC invocations=12 (full 3):
 PSYoungGen      total 251904K, used 10218K [0x000000076b400000, 0x000000077f880000, 0x00000007c0000000)
  eden space 241664K, 0% used [0x000000076b400000,0x000000076b400000,0x000000077a000000)
  from space 10240K, 99% used [0x000000077a000000,0x000000077a9fab30,0x000000077aa00000)
  to   space 16896K, 0% used [0x000000077e800000,0x000000077e800000,0x000000077f880000)
 ParOldGen       total 152064K, used 27288K [0x00000006c1c00000, 0x00000006cb080000, 0x000000076b400000)
  object space 152064K, 17% used [0x00000006c1c00000,0x00000006c36a6040,0x00000006cb080000)
 Metaspace       used 56323K, capacity 59064K, committed 59160K, reserved 1099776K
  class space    used 7508K, capacity 8171K, committed 8232K, reserved 1048576K
Event: 16.146 GC heap after
Heap after GC invocations=12 (full 3):
 PSYoungGen      total 251904K, used 0K [0x000000076b400000, 0x000000077f880000, 0x00000007c0000000)
  eden space 241664K, 0% used [0x000000076b400000,0x000000076b400000,0x000000077a000000)
  from space 10240K, 0% used [0x000000077a000000,0x000000077a000000,0x000000077aa00000)
  to   space 16896K, 0% used [0x000000077e800000,0x000000077e800000,0x000000077f880000)
 ParOldGen       total 229888K, used 35102K [0x00000006c1c00000, 0x00000006cfc80000, 0x000000076b400000)
  object space 229888K, 15% used [0x00000006c1c00000,0x00000006c3e47be0,0x00000006cfc80000)
 Metaspace       used 56323K, capacity 59064K, committed 59160K, reserved 1099776K
  class space    used 7508K, capacity 8171K, committed 8232K, reserved 1048576K
}
Event: 20.897 GC heap before
{Heap before GC invocations=13 (full 3):
 PSYoungGen      total 251904K, used 241664K [0x000000076b400000, 0x000000077f880000, 0x00000007c0000000)
  eden space 241664K, 100% used [0x000000076b400000,0x000000077a000000,0x000000077a000000)
  from space 10240K, 0% used [0x000000077a000000,0x000000077a000000,0x000000077aa00000)
  to   space 16896K, 0% used [0x000000077e800000,0x000000077e800000,0x000000077f880000)
 ParOldGen       total 229888K, used 35102K [0x00000006c1c00000, 0x00000006cfc80000, 0x000000076b400000)
  object space 229888K, 15% used [0x00000006c1c00000,0x00000006c3e47be0,0x00000006cfc80000)
 Metaspace       used 68704K, capacity 72588K, committed 72856K, reserved 1112064K
  class space    used 9424K, capacity 10331K, committed 10408K, reserved 1048576K
Event: 20.923 GC heap after
Heap after GC invocations=13 (full 3):
 PSYoungGen      total 309760K, used 16894K [0x000000076b400000, 0x000000077f900000, 0x00000007c0000000)
  eden space 292864K, 0% used [0x000000076b400000,0x000000076b400000,0x000000077d200000)
  from space 16896K, 99% used [0x000000077e800000,0x000000077f87f860,0x000000077f880000)
  to   space 19968K, 0% used [0x000000077d200000,0x000000077d200000,0x000000077e580000)
 ParOldGen       total 229888K, used 38312K [0x00000006c1c00000, 0x00000006cfc80000, 0x000000076b400000)
  object space 229888K, 16% used [0x00000006c1c00000,0x00000006c416a278,0x00000006cfc80000)
 Metaspace       used 68704K, capacity 72588K, committed 72856K, reserved 1112064K
  class space    used 9424K, capacity 10331K, committed 10408K, reserved 1048576K
}
Event: 24.936 GC heap before
{Heap before GC invocations=14 (full 3):
 PSYoungGen      total 309760K, used 309758K [0x000000076b400000, 0x000000077f900000, 0x00000007c0000000)
  eden space 292864K, 100% used [0x000000076b400000,0x000000077d200000,0x000000077d200000)
  from space 16896K, 99% used [0x000000077e800000,0x000000077f87f860,0x000000077f880000)
  to   space 19968K, 0% used [0x000000077d200000,0x000000077d200000,0x000000077e580000)
 ParOldGen       total 229888K, used 38312K [0x00000006c1c00000, 0x00000006cfc80000, 0x000000076b400000)
  object space 229888K, 16% used [0x00000006c1c00000,0x00000006c416a278,0x00000006cfc80000)
 Metaspace       used 73979K, capacity 78244K, committed 78488K, reserved 1116160K
  class space    used 10173K, capacity 11161K, committed 11176K, reserved 1048576K
Event: 24.984 GC heap after
Heap after GC invocations=14 (full 3):
 PSYoungGen      total 312832K, used 19963K [0x000000076b400000, 0x000000077f900000, 0x00000007c0000000)
  eden space 292864K, 0% used [0x000000076b400000,0x000000076b400000,0x000000077d200000)
  from space 19968K, 99% used [0x000000077d200000,0x000000077e57ed68,0x000000077e580000)
  to   space 16896K, 0% used [0x000000077e800000,0x000000077e800000,0x000000077f880000)
 ParOldGen       total 229888K, used 38712K [0x00000006c1c00000, 0x00000006cfc80000, 0x000000076b400000)
  object space 229888K, 16% used [0x00000006c1c00000,0x00000006c41ce1f8,0x00000006cfc80000)
 Metaspace       used 73979K, capacity 78244K, committed 78488K, reserved 1116160K
  class space    used 10173K, capacity 11161K, committed 11176K, reserved 1048576K
}

